# JRE version: OpenJDK Runtime Environment Temurin-21.0.3+9 (21.0.3+9) (build 21.0.3+9-LTS)
# Java VM: OpenJDK 64-Bit Server VM Temurin-21.0.3+9 (21.0.3+9-LTS, mixed mode, emulated-client, tiered, compressed oops, compressed class ptrs, g1 gc, windows-amd64)
GC Precious Log:
 CardTable entry size: 512
 Card Set container configuration: InlinePtr #cards 5 size 8 Array Of Cards #cards 12 size 40 Howl #buckets 4 coarsen threshold 1843 Howl Bitmap #cards 512 size 80 coarsen threshold 460 Card regions per heap region 1 cards per card region 2048
 CPUs: 16 total, 16 available
 Memory: 7599M
 Large Page Support: Disabled
 NUMA Support: Disabled
 Compressed Oops: Enabled (32-bit)
 Heap Region Size: 1M
 Heap Min Capacity: 8M
 Heap Initial Capacity: 120M
 Heap Max Capacity: 1900M
 Pre-touch: Disabled
 Parallel Workers: 13
 Concurrent Workers: 3
 Concurrent Refinement Workers: 13
 Periodic GC: Disabled
Heap:
 garbage-first heap   total 147456K, used 128226K [0x0000000089400000, 0x0000000100000000)
  region size 1024K, 91 young (93184K), 11 survivors (11264K)
 Metaspace       used 108049K, committed 109120K, reserved 1179648K
  class space    used 14358K, committed 14912K, reserved 1048576K
GC Heap History (20 events):
Event: 4218.038 GC heap after
{Heap after GC invocations=142 (full 13):
 garbage-first heap   total 147456K, used 41403K [0x0000000089400000, 0x0000000100000000)
  region size 1024K, 0 young (0K), 0 survivors (0K)
 Metaspace       used 106054K, committed 108032K, reserved 1179648K
  class space    used 14189K, committed 14848K, reserved 1048576K
}
Event: 4219.148 GC heap before
{Heap before GC invocations=142 (full 13):
 garbage-first heap   total 147456K, used 127419K [0x0000000089400000, 0x0000000100000000)
  region size 1024K, 85 young (87040K), 0 survivors (0K)
 Metaspace       used 106369K, committed 108032K, reserved 1179648K
  class space    used 14225K, committed 14848K, reserved 1048576K
}
Event: 4219.154 GC heap after
{Heap after GC invocations=143 (full 13):
 garbage-first heap   total 147456K, used 48528K [0x0000000089400000, 0x0000000100000000)
  region size 1024K, 7 young (7168K), 7 survivors (7168K)
 Metaspace       used 106369K, committed 108032K, reserved 1179648K
  class space    used 14225K, committed 14848K, reserved 1048576K
}
Event: 4219.790 GC heap before
{Heap before GC invocations=144 (full 13):
 garbage-first heap   total 147456K, used 129424K [0x0000000089400000, 0x0000000100000000)
  region size 1024K, 86 young (88064K), 7 survivors (7168K)
 Metaspace       used 106934K, committed 108352K, reserved 1179648K
  class space    used 14253K, committed 14848K, reserved 1048576K
}
Event: 4219.797 GC heap after
{Heap after GC invocations=145 (full 13):
 garbage-first heap   total 147456K, used 54350K [0x0000000089400000, 0x0000000100000000)
  region size 1024K, 7 young (7168K), 7 survivors (7168K)
 Metaspace       used 106934K, committed 108352K, reserved 1179648K
  class space    used 14253K, committed 14848K, reserved 1048576K
}
Event: 4220.403 GC heap before
{Heap before GC invocations=145 (full 13):
 garbage-first heap   total 147456K, used 129102K [0x0000000089400000, 0x0000000100000000)
  region size 1024K, 80 young (81920K), 7 survivors (7168K)
 Metaspace       used 106964K, committed 108352K, reserved 1179648K
  class space    used 14256K, committed 14848K, reserved 1048576K
}
Event: 4220.408 GC heap after
{Heap after GC invocations=146 (full 13):
 garbage-first heap   total 147456K, used 57522K [0x0000000089400000, 0x0000000100000000)
  region size 1024K, 4 young (4096K), 4 survivors (4096K)
 Metaspace       used 106964K, committed 108352K, reserved 1179648K
  class space    used 14256K, committed 14848K, reserved 1048576K
}
Event: 4355.441 GC heap before
{Heap before GC invocations=146 (full 13):
 garbage-first heap   total 147456K, used 117938K [0x0000000089400000, 0x0000000100000000)
  region size 1024K, 64 young (65536K), 4 survivors (4096K)
 Metaspace       used 107092K, committed 108480K, reserved 1179648K
  class space    used 14264K, committed 14848K, reserved 1048576K
}
Event: 4355.570 GC heap after
{Heap after GC invocations=147 (full 14):
 garbage-first heap   total 147456K, used 42200K [0x0000000089400000, 0x0000000100000000)
  region size 1024K, 0 young (0K), 0 survivors (0K)
 Metaspace       used 106005K, committed 107904K, reserved 1179648K
  class space    used 14155K, committed 14848K, reserved 1048576K
}
Event: 4357.356 GC heap before
{Heap before GC invocations=147 (full 14):
 garbage-first heap   total 147456K, used 128216K [0x0000000089400000, 0x0000000100000000)
  region size 1024K, 84 young (86016K), 0 survivors (0K)
 Metaspace       used 106302K, committed 107904K, reserved 1179648K
  class space    used 14186K, committed 14848K, reserved 1048576K
}
Event: 4357.361 GC heap after
{Heap after GC invocations=148 (full 14):
 garbage-first heap   total 147456K, used 48096K [0x0000000089400000, 0x0000000100000000)
  region size 1024K, 6 young (6144K), 6 survivors (6144K)
 Metaspace       used 106302K, committed 107904K, reserved 1179648K
  class space    used 14186K, committed 14848K, reserved 1048576K
}
Event: 4358.029 GC heap before
{Heap before GC invocations=149 (full 14):
 garbage-first heap   total 147456K, used 128992K [0x0000000089400000, 0x0000000100000000)
  region size 1024K, 85 young (87040K), 6 survivors (6144K)
 Metaspace       used 107038K, committed 108288K, reserved 1179648K
  class space    used 14257K, committed 14848K, reserved 1048576K
}
Event: 4358.035 GC heap after
{Heap after GC invocations=150 (full 14):
 garbage-first heap   total 147456K, used 53669K [0x0000000089400000, 0x0000000100000000)
  region size 1024K, 11 young (11264K), 11 survivors (11264K)
 Metaspace       used 107038K, committed 108288K, reserved 1179648K
  class space    used 14257K, committed 14848K, reserved 1048576K
}
Event: 4358.537 GC heap before
{Heap before GC invocations=150 (full 14):
 garbage-first heap   total 147456K, used 123301K [0x0000000089400000, 0x0000000100000000)
  region size 1024K, 79 young (80896K), 11 survivors (11264K)
 Metaspace       used 107067K, committed 108288K, reserved 1179648K
  class space    used 14258K, committed 14848K, reserved 1048576K
}
Event: 4358.544 GC heap after
{Heap after GC invocations=151 (full 14):
 garbage-first heap   total 147456K, used 58175K [0x0000000089400000, 0x0000000100000000)
  region size 1024K, 5 young (5120K), 5 survivors (5120K)
 Metaspace       used 107067K, committed 108288K, reserved 1179648K
  class space    used 14258K, committed 14848K, reserved 1048576K
}
Event: 4484.259 GC heap before
{Heap before GC invocations=151 (full 14):
 garbage-first heap   total 147456K, used 117567K [0x0000000089400000, 0x0000000100000000)
  region size 1024K, 64 young (65536K), 5 survivors (5120K)
 Metaspace       used 107070K, committed 108288K, reserved 1179648K
  class space    used 14259K, committed 14848K, reserved 1048576K
}
Event: 4484.364 GC heap after
{Heap after GC invocations=152 (full 15):
 garbage-first heap   total 147456K, used 40337K [0x0000000089400000, 0x0000000100000000)
  region size 1024K, 0 young (0K), 0 survivors (0K)
 Metaspace       used 107048K, committed 108288K, reserved 1179648K
  class space    used 14254K, committed 14848K, reserved 1048576K
}
Event: 4485.422 GC heap before
{Heap before GC invocations=152 (full 15):
 garbage-first heap   total 147456K, used 126353K [0x0000000089400000, 0x0000000100000000)
  region size 1024K, 85 young (87040K), 0 survivors (0K)
 Metaspace       used 107342K, committed 108480K, reserved 1179648K
  class space    used 14288K, committed 14848K, reserved 1048576K
}
Event: 4485.428 GC heap after
{Heap after GC invocations=153 (full 15):
 garbage-first heap   total 147456K, used 46306K [0x0000000089400000, 0x0000000100000000)
  region size 1024K, 6 young (6144K), 6 survivors (6144K)
 Metaspace       used 107342K, committed 108480K, reserved 1179648K
  class space    used 14288K, committed 14848K, reserved 1048576K
}
Event: 4559.253 GC heap before
{Heap before GC invocations=154 (full 15):
 garbage-first heap   total 147456K, used 128226K [0x0000000089400000, 0x0000000100000000)
  region size 1024K, 86 young (88064K), 6 survivors (6144K)
 Metaspace       used 108049K, committed 109120K, reserved 1179648K
  class space    used 14358K, committed 14912K, reserved 1048576K
}

